  GomokuApi.cpp
GomokuApi.cpp(423): warning C4800: 'int' : valeur forcée à la valeur booléenne 'true' ou 'false' (avertissement sur les performances)
C:\Program Files (x86)\Microsoft Visual Studio 14.0\VC\include\utility(172): warning C4267: 'initialisation' : conversion de 'size_t' en 'int', perte possible de données
  GomokuApi.cpp(241): note: voir la référence à l'instanciation de la fonction modèle 'std::pair<int,int>::pair<std::size_t,std::size_t,void,0>(_Other1 &&,_Other2 &&) noexcept' en cours de compilation
          with
          [
              _Other1=std::size_t,
              _Other2=std::size_t
          ]
  GomokuApi.cpp(241): note: voir la référence à l'instanciation de la fonction modèle 'std::pair<int,int>::pair<std::size_t,std::size_t,void,0>(_Other1 &&,_Other2 &&) noexcept' en cours de compilation
          with
          [
              _Other1=std::size_t,
              _Other2=std::size_t
          ]
     Création de la bibliothèque C:\Users\rusig_n\Documents\Gomoku\unity\GomokuDll\x64\Release\GomokuDll.lib et de l'objet C:\Users\rusig_n\Documents\Gomoku\unity\GomokuDll\x64\Release\GomokuDll.exp
  Génération de code en cours
  2 of 634 functions ( 0.3%) were compiled, the rest were copied from previous compilation.
    0 functions were new in current compilation
    7 functions had inline decision re-evaluated but remain unchanged
  Fin de la génération du code
  GomokuDll.vcxproj -> C:\Users\rusig_n\Documents\Gomoku\unity\GomokuDll\x64\Release\GomokuDll.dll
  GomokuDll.vcxproj -> C:\Users\rusig_n\Documents\Gomoku\unity\GomokuDll\x64\Release\GomokuDll.pdb (Full PDB)
