22:49:40: Creating resource group General
22:49:40: Creating resource group Internal
22:49:40: Creating resource group Autodetect
22:49:40: Registering ResourceManager for type Mesh
22:49:40: Registering ResourceManager for type Skeleton
22:49:40: Registering ResourceManager for type Material
22:49:40: Skeleton: Loading character_default_p1.skeleton
22:49:40: OGRE EXCEPTION(6:FileNotFoundException): Cannot locate resource character_default_p1.skeleton in resource group General or any other group. in ResourceGroupManager::openResource at ..\..\..\OgreMain\src\OgreResourceGroupManager.cpp (line 756)
22:49:40: Unable to load skeleton character_default_p1.skeleton for Mesh character_default_p1. This Mesh will not be animated. You can ignore this message if you are using an offline tool.
22:49:40: MeshSerializer writing mesh data to stream ...
22:49:40: File header written.
22:49:40: Writing mesh data...
22:49:40: Writing submesh...
22:49:40: Exporting submesh texture aliases...
22:49:40: Submesh texture aliases exported.
22:49:40: Exporting dedicated geometry bone assignments...
22:49:40: Dedicated geometry bone assignments exported.
22:49:40: Submesh exported.
22:49:40: Writing submesh...
22:49:40: Exporting submesh texture aliases...
22:49:40: Submesh texture aliases exported.
22:49:40: Exporting dedicated geometry bone assignments...
22:49:40: Dedicated geometry bone assignments exported.
22:49:40: Submesh exported.
22:49:40: Writing submesh...
22:49:40: Exporting submesh texture aliases...
22:49:40: Submesh texture aliases exported.
22:49:40: Exporting dedicated geometry bone assignments...
22:49:40: Dedicated geometry bone assignments exported.
22:49:40: Submesh exported.
22:49:40: Writing submesh...
22:49:40: Exporting submesh texture aliases...
22:49:40: Submesh texture aliases exported.
22:49:40: Exporting dedicated geometry bone assignments...
22:49:40: Dedicated geometry bone assignments exported.
22:49:40: Submesh exported.
22:49:40: Writing submesh...
22:49:40: Exporting submesh texture aliases...
22:49:40: Submesh texture aliases exported.
22:49:40: Exporting dedicated geometry bone assignments...
22:49:40: Dedicated geometry bone assignments exported.
22:49:40: Submesh exported.
22:49:40: Exporting skeleton link...
22:49:40: Skeleton link exported.
22:49:40: Exporting bounds information....
22:49:40: Bounds information exported.
22:49:40: Exporting submesh name table...
22:49:40: Submesh name table exported.
22:49:40: Exporting edge lists...
22:49:40: Edge lists exported
22:49:40: Mesh data exported.
22:49:40: MeshSerializer export successful.
22:49:40: Exporting bones..
22:49:40: Bones exported.
22:49:40: Exporting animations, count=1
22:49:40: Exporting animation: default_skl
22:49:40: Animation exported.
22:49:41: Unregistering ResourceManager for type Material
22:49:41: Unregistering ResourceManager for type Skeleton
22:49:41: Unregistering ResourceManager for type Mesh
